xrun(64): 20.09-s012: (c) Copyright 1995-2021 Cadence Design Systems, Inc.
TOOL:	xrun(64)	20.09-s012: Started on Feb 25, 2026 at 12:02:16 IST
xrun
	-sv
	-access +rwc
	-gui
	-coverage all
	design_clock.sv
	interface_clock.sv
	program_clock.sv
	top.sv
Recompiling... reason: file './program_clock.sv' is newer than expected.
	expected: Wed Feb 25 11:37:06 2026
	actual:   Wed Feb 25 11:54:34 2026
file: program_clock.sv
	program worklib.program_clock:sv
		errors: 0, warnings: 0
		Caching library 'worklib' ....... Done
	Elaborating the design hierarchy:
	Top level design units:
		clock_tb
xmelab: *W,DSEMEL: This SystemVerilog design will be simulated as per IEEE 1800-2009 SystemVerilog simulation semantics. Use -disable_sem2009 option for turning off SV 2009 simulation semantics.

	Extracting FSMs for coverage:
		worklib.design_clock
		worklib.program_clock
		worklib.clock_tb
	Total FSMs extracted = 0
	Building instance overlay tables: .................... Done
	Enabling instrumentation for coverage types: block expression FSM toggle functional
xmelab: *W,COVDCL: By default expression coverage is scored only for Verilog logical operators (|| and &&) and VHDL logical operators (OR, AND, NOR, and NAND), and is scored only in condition expressions. To score coverage for other operators and for expressions in other statements, use the "set_expr_coverable_operators" and "set_expr_coverable_statements" coverage configuration file commands with suitable options at elaboration.
	Generating native compiled code:
		worklib.program_clock:sv <0x740c9192>
			streams:  11, words:  8693
		worklib.design_clock:sv <0x4426797c>
			streams:   3, words:  1610
		worklib.clock_tb:sv <0x0b59656d>
			streams:   6, words:  2384
	Building instance specific data structures.
xmelab: *W,CGPIDF: Covergroup "per_instance" option , by default, is set as 0.
xmelab: *N,COVCGN: Coverage configuration file command "set_covergroup -new_instance_reporting" can be specified to improve the scoping and naming of covergroup instances. It may be noted that subsequent merging of a coverage database saved with this command and a coverage database saved without this command is not allowed.
	Loading native compiled code:     .................... Done
	Design hierarchy summary:
		                Instances  Unique
		Modules:                2       2
		Interfaces:             1       1
		Programs:               1       1
		Registers:             10      10
		Scalar wires:           2       -
		Vectored wires:         4       -
		Always blocks:          6       6
		Initial blocks:         5       5
		Pseudo assignments:     4       4
		Assertions:             2       2
		Covergroup Instances:   0       1
	Writing initial simulation snapshot: worklib.clock_tb:sv
xmsim: *W,DSEM2009: This SystemVerilog design is simulated as per IEEE 1800-2009 SystemVerilog simulation semantics. Use -disable_sem2009 option for turning off SV 2009 simulation semantics.

-------------------------------------
Relinquished control to SimVision...
xcelium> 
xcelium> source /opt/cadence/installs/XCELIUM2009/tools/xcelium/files/xmsimrc
xcelium> xmsim: *E,C58EXE: Coverage database file already exists in the test output directory './cov_work/scope/test', and will not be overwritten. Specify a different name for the test output directory or use the '-covoverwrite' option to overwrite the existing test output directory, and rerun the simulation.
xmsim: *E,C58EXE: Coverage database file already exists in the test output directory './cov_work/scope/test', and will not be overwritten. Specify a different name for the test output directory or use the '-covoverwrite' option to overwrite the existing test output directory, and rerun the simulation.
TOOL:	xrun(64)	20.09-s012: Exiting on Feb 25, 2026 at 12:04:31 IST  (total: 00:02:15)
